Vercel CLI 44.4.1
Retrieving project…
The vercel.json file should be inside of the provided root directory.
Deploying vi4/voai-website
Uploading [--------------------] (0.0B/1.8KB)
Uploading [================----] (1.5KB/1.8KB)
Uploading [====================] (1.8KB/1.8KB)
Inspect: https://vercel.com/vi4/voai-website/9eWMf4QxpVcXy4MAt1cKMbBFYrxK [3s]
Production: https://voai-website-as8bybqd9-vi4.vercel.app [3s]
https://voai-website-as8bybqd9-vi4.vercel.appQueued
2025-07-28T20:22:55.356Z  Running build in Washington, D.C., USA (East) – iad1
2025-07-28T20:22:55.356Z  Build machine configuration: 2 cores, 8 GB
2025-07-28T20:22:55.370Z  Retrieving list of deployment files...
2025-07-28T20:22:55.475Z  Previous build caches not available
2025-07-28T20:22:55.750Z  Downloading 420 deployment files...
2025-07-28T20:22:57.916Z  Running "vercel build"
2025-07-28T20:22:59.301Z  Vercel CLI 44.5.0
2025-07-28T20:22:59.854Z  > Detected Turbo. Adjusting default settings...
2025-07-28T20:23:01.335Z  Detected `pnpm-lock.yaml` version 6 generated by pnpm@8.x
2025-07-28T20:23:01.341Z  Running "install" command: `pnpm install --frozen-lockfile`...
2025-07-28T20:23:01.990Z  Scope: all 6 workspace projects
2025-07-28T20:23:02.282Z  ../..                                    | Progress: resolved 1, reused 0, downloaded 0, added 0
2025-07-28T20:23:02.580Z  ../..                                    |    +1528 ++++++++++++++++++++++++++++
2025-07-28T20:23:03.288Z  ../..                                    | Progress: resolved 1528, reused 0, downloaded 16, added 1
2025-07-28T20:23:04.288Z  ../..                                    | Progress: resolved 1528, reused 0, downloaded 55, added 41
2025-07-28T20:23:05.289Z  ../..                                    | Progress: resolved 1528, reused 0, downloaded 128, added 119
2025-07-28T20:23:06.290Z  ../..                                    | Progress: resolved 1528, reused 0, downloaded 215, added 200
2025-07-28T20:23:07.290Z  ../..                                    | Progress: resolved 1528, reused 0, downloaded 276, added 260
2025-07-28T20:23:08.291Z  ../..                                    | Progress: resolved 1528, reused 0, downloaded 333, added 328
2025-07-28T20:23:09.294Z  ../..                                    | Progress: resolved 1528, reused 0, downloaded 375, added 362
2025-07-28T20:23:10.334Z  ../..                                    | Progress: resolved 1528, reused 0, downloaded 481, added 472
2025-07-28T20:23:11.335Z  ../..                                    | Progress: resolved 1528, reused 0, downloaded 494, added 486
2025-07-28T20:23:12.483Z  ../..                                    | Progress: resolved 1528, reused 0, downloaded 495, added 486
2025-07-28T20:23:13.486Z  ../..                                    | Progress: resolved 1528, reused 0, downloaded 503, added 495
2025-07-28T20:23:14.487Z  ../..                                    | Progress: resolved 1528, reused 0, downloaded 509, added 497
2025-07-28T20:23:15.489Z  ../..                                    | Progress: resolved 1528, reused 0, downloaded 510, added 497
2025-07-28T20:23:16.490Z  ../..                                    | Progress: resolved 1528, reused 0, downloaded 525, added 513
2025-07-28T20:23:17.490Z  ../..                                    | Progress: resolved 1528, reused 0, downloaded 558, added 555
2025-07-28T20:23:18.492Z  ../..                                    | Progress: resolved 1528, reused 0, downloaded 719, added 719
2025-07-28T20:23:19.516Z  ../..                                    | Progress: resolved 1528, reused 0, downloaded 833, added 821
2025-07-28T20:23:20.494Z  ../..                                    | Progress: resolved 1528, reused 0, downloaded 901, added 891
2025-07-28T20:23:21.495Z  ../..                                    | Progress: resolved 1528, reused 0, downloaded 1030, added 1025
2025-07-28T20:23:22.496Z  ../..                                    | Progress: resolved 1528, reused 0, downloaded 1164, added 1169
2025-07-28T20:23:23.497Z  ../..                                    | Progress: resolved 1528, reused 0, downloaded 1192, added 1187
2025-07-28T20:23:24.498Z  ../..                                    | Progress: resolved 1528, reused 0, downloaded 1243, added 1242
2025-07-28T20:23:25.501Z  ../..                                    | Progress: resolved 1528, reused 0, downloaded 1273, added 1269
2025-07-28T20:23:26.504Z  ../..                                    | Progress: resolved 1528, reused 0, downloaded 1306, added 1302
2025-07-28T20:23:27.505Z  ../..                                    | Progress: resolved 1528, reused 0, downloaded 1382, added 1381
2025-07-28T20:23:28.507Z  ../..                                    | Progress: resolved 1528, reused 0, downloaded 1429, added 1427
2025-07-28T20:23:29.507Z  ../..                                    | Progress: resolved 1528, reused 0, downloaded 1495, added 1505
2025-07-28T20:23:30.443Z  ../..                                    | Progress: resolved 1528, reused 0, downloaded 1514, added 1528, done
2025-07-28T20:23:31.028Z  .../node_modules/core-js-pure postinstall$ node -e "try{require('./postinstall')}catch(e){}"
2025-07-28T20:23:31.078Z  .../node_modules/core-js-pure postinstall: Done
2025-07-28T20:23:31.500Z  .../node_modules/@swc/core postinstall$ node postinstall.js
2025-07-28T20:23:31.514Z  .../node_modules/@tailwindcss/oxide postinstall$ node ./scripts/install.js
2025-07-28T20:23:31.528Z  .../esbuild@0.25.8/node_modules/esbuild postinstall$ node install.js
2025-07-28T20:23:31.549Z  .../node_modules/unrs-resolver postinstall$ napi-postinstall unrs-resolver 1.11.1 check
2025-07-28T20:23:31.550Z  .../node_modules/@sentry/cli postinstall$ node ./scripts/install.js
2025-07-28T20:23:31.598Z  .../node_modules/@swc/core postinstall: Done
2025-07-28T20:23:31.748Z  .../esbuild@0.25.8/node_modules/esbuild postinstall: Done
2025-07-28T20:23:31.828Z  .../node_modules/unrs-resolver postinstall: Done
2025-07-28T20:23:31.833Z  .../node_modules/@tailwindcss/oxide postinstall: Done
2025-07-28T20:23:31.853Z  .../node_modules/@sentry/cli postinstall: Done
2025-07-28T20:23:31.866Z  .../sharp@0.34.3/node_modules/sharp install$ node install/check.js
2025-07-28T20:23:31.978Z  .../sharp@0.34.3/node_modules/sharp install: Done
2025-07-28T20:23:32.253Z  
2025-07-28T20:23:32.254Z  dependencies:
2025-07-28T20:23:32.255Z  + @radix-ui/react-tooltip 1.2.7
2025-07-28T20:23:32.255Z  + @sentry/nextjs 9.40.0
2025-07-28T20:23:32.255Z  + @voai/config 0.0.1 <- ../../packages/config
2025-07-28T20:23:32.256Z  + @voai/shared 0.1.0 <- ../../packages/shared
2025-07-28T20:23:32.256Z  + @voai/ui 0.0.1 <- ../../packages/ui
2025-07-28T20:23:32.256Z  + class-variance-authority 0.7.1
2025-07-28T20:23:32.256Z  + clsx 2.1.1
2025-07-28T20:23:32.256Z  + framer-motion 12.23.6
2025-07-28T20:23:32.256Z  + lucide-react 0.511.0
2025-07-28T20:23:32.257Z  + next 15.3.3
2025-07-28T20:23:32.257Z  + next-themes 0.4.6
2025-07-28T20:23:32.257Z  + react 18.3.1
2025-07-28T20:23:32.258Z  + react-dom 18.3.1
2025-07-28T20:23:32.258Z  + sonner 2.0.6
2025-07-28T20:23:32.258Z  + tailwind-merge 3.3.1
2025-07-28T20:23:32.259Z  + zod 3.25.76
2025-07-28T20:23:32.259Z  
2025-07-28T20:23:32.259Z  devDependencies:
2025-07-28T20:23:32.259Z  + @playwright/test 1.54.1
2025-07-28T20:23:32.259Z  + @tailwindcss/aspect-ratio 0.4.2
2025-07-28T20:23:32.260Z  + @tailwindcss/forms 0.5.10
2025-07-28T20:23:32.260Z  + @tailwindcss/postcss 4.1.11
2025-07-28T20:23:32.261Z  + @tailwindcss/typography 0.5.16
2025-07-28T20:23:32.261Z  + @testing-library/jest-dom 6.6.3
2025-07-28T20:23:32.262Z  + @testing-library/react 16.3.0
2025-07-28T20:23:32.262Z  + @testing-library/user-event 14.6.1
2025-07-28T20:23:32.262Z  + @types/jest 29.5.14
2025-07-28T20:23:32.262Z  + @types/node 20.19.9
2025-07-28T20:23:32.262Z  + @types/react 18.3.23
2025-07-28T20:23:32.263Z  + @types/react-dom 18.3.7
2025-07-28T20:23:32.263Z  + @typescript-eslint/eslint-plugin 8.38.0
2025-07-28T20:23:32.263Z  + @typescript-eslint/parser 8.38.0
2025-07-28T20:23:32.263Z  + autoprefixer 10.4.21
2025-07-28T20:23:32.263Z  + eslint 9.31.0
2025-07-28T20:23:32.263Z  + eslint-config-next 15.4.3
2025-07-28T20:23:32.264Z  + eslint-config-prettier 10.1.8
2025-07-28T20:23:32.269Z  + eslint-plugin-prettier 5.5.3
2025-07-28T20:23:32.270Z  + jest 29.7.0
2025-07-28T20:23:32.270Z  + jest-environment-jsdom 30.0.5
2025-07-28T20:23:32.270Z  + postcss 8.5.6
2025-07-28T20:23:32.270Z  + prettier 3.6.2
2025-07-28T20:23:32.270Z  + tailwindcss 3.4.17
2025-07-28T20:23:32.271Z  + typescript 5.8.3
2025-07-28T20:23:32.271Z  
2025-07-28T20:23:32.286Z  ../.. prepare$ husky
2025-07-28T20:23:32.350Z  ../.. prepare: .git can't be found
2025-07-28T20:23:32.351Z  ../.. prepare: Done
2025-07-28T20:23:32.384Z  Done in 30.9s
2025-07-28T20:23:32.420Z  Detected Next.js version: 15.3.3
2025-07-28T20:23:32.421Z  Running "pnpm turbo run build --filter=@voai/frontend"
2025-07-28T20:23:32.907Z  
2025-07-28T20:23:32.908Z  Attention:
2025-07-28T20:23:32.908Z  Turborepo now collects completely anonymous telemetry regarding usage.
2025-07-28T20:23:32.908Z  This information is used to shape the Turborepo roadmap and prioritize features.
2025-07-28T20:23:32.908Z  You can learn more, including how to opt-out if you'd not like to participate in this anonymous program, by visiting the following URL:
2025-07-28T20:23:32.908Z  https://turborepo.com/docs/telemetry
2025-07-28T20:23:32.908Z  
2025-07-28T20:23:32.978Z  • Packages in scope: @voai/frontend
2025-07-28T20:23:32.979Z  • Running build in 1 packages
2025-07-28T20:23:32.979Z  • Remote caching enabled
2025-07-28T20:23:33.282Z  @voai/config:build: cache miss, executing c80f3a8f153cbaee
2025-07-28T20:23:33.704Z  @voai/config:build: 
2025-07-28T20:23:33.704Z  @voai/config:build: > @voai/config@0.0.1 build /vercel/path0/packages/config
2025-07-28T20:23:33.704Z  @voai/config:build: > node build-tokens.js
2025-07-28T20:23:33.704Z  @voai/config:build: 
2025-07-28T20:23:33.855Z  @voai/config:build: 
2025-07-28T20:23:33.855Z  @voai/config:build: css
2025-07-28T20:23:33.864Z  @voai/config:build: ✔︎ dist/css/variables.css
2025-07-28T20:23:33.865Z  @voai/config:build: 
2025-07-28T20:23:33.865Z  @voai/config:build: js
2025-07-28T20:23:33.867Z  @voai/config:build: ✔︎ dist/js/tokens.js
2025-07-28T20:23:33.867Z  @voai/config:build: 
2025-07-28T20:23:33.867Z  @voai/config:build: typescript
2025-07-28T20:23:33.870Z  @voai/config:build: ✔︎ dist/ts/tokens.d.ts
2025-07-28T20:23:33.870Z  @voai/config:build: ✨ Design tokens built successfully!
2025-07-28T20:23:33.995Z  @voai/frontend:build: cache miss, executing 6e369bef555c380f
2025-07-28T20:23:34.414Z  @voai/frontend:build: 
2025-07-28T20:23:34.415Z  @voai/frontend:build: > @voai/frontend@0.1.0 build /vercel/path0/apps/frontend
2025-07-28T20:23:34.415Z  @voai/frontend:build: > next build
2025-07-28T20:23:34.415Z  @voai/frontend:build: 
2025-07-28T20:23:35.515Z  @voai/frontend:build: Attention: Next.js now collects completely anonymous telemetry regarding usage.
2025-07-28T20:23:35.516Z  @voai/frontend:build: This information is used to shape Next.js' roadmap and prioritize features.
2025-07-28T20:23:35.516Z  @voai/frontend:build: You can learn more, including how to opt-out if you'd not like to participate in this anonymous program, by visiting the following URL:
2025-07-28T20:23:35.516Z  @voai/frontend:build: https://nextjs.org/telemetry
2025-07-28T20:23:35.517Z  @voai/frontend:build: 
2025-07-28T20:23:35.615Z  @voai/frontend:build:    ▲ Next.js 15.3.3
2025-07-28T20:23:35.615Z  @voai/frontend:build:    - Experiments (use with caution):
2025-07-28T20:23:35.615Z  @voai/frontend:build:      · clientTraceMetadata
2025-07-28T20:23:35.615Z  @voai/frontend:build: 
2025-07-28T20:23:35.656Z  @voai/frontend:build:    Creating an optimized production build ...
2025-07-28T20:23:35.996Z  @voai/frontend:build: [@sentry/nextjs] It appears you've configured a `sentry.server.config.ts` file. Please ensure to put this file's content into the `register()` function of a Next.js instrumentation file instead. To ensure correct functionality of the SDK, `Sentry.init` must be called inside of an instrumentation file. Learn more about setting up an instrumentation file in Next.js: https://nextjs.org/docs/app/building-your-application/optimizing/instrumentation. You can safely delete the `sentry.server.config.ts` file afterward.
2025-07-28T20:23:35.998Z  @voai/frontend:build: [@sentry/nextjs] Could not find a Next.js instrumentation file. This indicates an incomplete configuration of the Sentry SDK. An instrumentation file is required for the Sentry SDK to be initialized on the server: https://docs.sentry.io/platforms/javascript/guides/nextjs/manual-setup/#create-initialization-config-files (you can suppress this warning by setting SENTRY_SUPPRESS_INSTRUMENTATION_FILE_WARNING=1 as environment variable)
2025-07-28T20:23:36.000Z  @voai/frontend:build: warn  - It seems like you don't have a global error handler set up. It is recommended that you add a global-error.js file with Sentry instrumentation so that React rendering errors are reported to Sentry. Read more: https://docs.sentry.io/platforms/javascript/guides/nextjs/manual-setup/#react-render-errors-in-app-router (you can suppress this warning by setting SENTRY_SUPPRESS_GLOBAL_ERROR_HANDLER_FILE_WARNING=1 as environment variable)
2025-07-28T20:23:36.149Z  @voai/frontend:build: [@sentry/nextjs] It appears you've configured a `sentry.edge.config.ts` file. Please ensure to put this file's content into the `register()` function of a Next.js instrumentation file instead. To ensure correct functionality of the SDK, `Sentry.init` must be called inside of an instrumentation file. Learn more about setting up an instrumentation file in Next.js: https://nextjs.org/docs/app/building-your-application/optimizing/instrumentation. You can safely delete the `sentry.edge.config.ts` file afterward.
2025-07-28T20:23:36.153Z  @voai/frontend:build: [@sentry/nextjs] DEPRECATION WARNING: It is recommended renaming your `sentry.client.config.ts` file, or moving its content to `instrumentation-client.ts`. When using Turbopack `sentry.client.config.ts` will no longer work. Read more about the `instrumentation-client.ts` file: https://nextjs.org/docs/app/api-reference/file-conventions/instrumentation-client
2025-07-28T20:24:01.402Z  @voai/frontend:build: <w> [webpack.cache.PackFileCacheStrategy] Serializing big strings (154kiB) impacts deserialization performance (consider using Buffer instead and decode when needed)
2025-07-28T20:24:01.437Z  @voai/frontend:build: <w> [webpack.cache.PackFileCacheStrategy] Serializing big strings (139kiB) impacts deserialization performance (consider using Buffer instead and decode when needed)
2025-07-28T20:24:01.448Z  @voai/frontend:build: <w> [webpack.cache.PackFileCacheStrategy] Serializing big strings (138kiB) impacts deserialization performance (consider using Buffer instead and decode when needed)
2025-07-28T20:24:02.682Z  @voai/frontend:build: [Error: Cannot apply unknown utility class `bg-background`. Are you using CSS modules or similar and missing `@reference`? https://tailwindcss.com/docs/functions-and-directives#reference-directive]
2025-07-28T20:24:14.855Z  @voai/frontend:build:  ✓ Compiled successfully in 38.0s
2025-07-28T20:24:14.857Z  @voai/frontend:build:    Skipping linting
2025-07-28T20:24:14.857Z  @voai/frontend:build:    Checking validity of types ...
2025-07-28T20:24:25.908Z  @voai/frontend:build:    Collecting page data ...
2025-07-28T20:24:29.647Z  @voai/frontend:build:    Generating static pages (0/28) ...
2025-07-28T20:24:30.937Z  @voai/frontend:build:    Generating static pages (7/28) 
2025-07-28T20:24:31.224Z  @voai/frontend:build:    Generating static pages (14/28) 
2025-07-28T20:24:31.486Z  @voai/frontend:build:    Generating static pages (21/28) 
2025-07-28T20:24:31.606Z  @voai/frontend:build:  ✓ Generating static pages (28/28)
2025-07-28T20:24:32.412Z  @voai/frontend:build:    Finalizing page optimization ...
2025-07-28T20:24:32.416Z  @voai/frontend:build:    Collecting build traces ...
Error: The file "/vercel/path0/apps/frontend/apps/frontend/.next/routes-manifest.json" couldn't be found. This is often caused by a misconfiguration in your project.
