Vercel CLI 44.4.1
Retrieving project…
The vercel.json file should be inside of the provided root directory.
Deploying vi4/voai-website
Uploading [--------------------] (0.0B/4.1KB)
Uploading [==========----------] (2.2KB/4.1KB)
Uploading [====================] (4.1KB/4.1KB)
Inspect: https://vercel.com/vi4/voai-website/E6TL8PoGwj4uzo6oQnnKcWtXmi5N [3s]
Production: https://voai-website-4vivsyx35-vi4.vercel.app [3s]
https://voai-website-4vivsyx35-vi4.vercel.appQueued
2025-07-28T20:46:13.548Z  Running build in Washington, D.C., USA (East) – iad1
2025-07-28T20:46:13.548Z  Build machine configuration: 2 cores, 8 GB
2025-07-28T20:46:13.565Z  Retrieving list of deployment files...
2025-07-28T20:46:13.568Z  Skipping build cache, deployment was triggered without cache.
2025-07-28T20:46:14.129Z  Downloading 423 deployment files...
2025-07-28T20:46:17.880Z  Running "vercel build"
2025-07-28T20:46:18.454Z  Vercel CLI 44.5.0
2025-07-28T20:46:18.635Z  > Detected Turbo. Adjusting default settings...
2025-07-28T20:46:18.967Z  Detected `pnpm-lock.yaml` version 6 generated by pnpm@8.x
2025-07-28T20:46:18.972Z  Running "install" command: `pnpm install --frozen-lockfile`...
2025-07-28T20:46:19.716Z  Scope: all 6 workspace projects
2025-07-28T20:46:20.103Z  ../..                                    | Progress: resolved 1, reused 0, downloaded 0, added 0
2025-07-28T20:46:20.405Z  ../..                                    |    +1528 ++++++++++++++++++++++++++++
2025-07-28T20:46:21.104Z  ../..                                    | Progress: resolved 1528, reused 0, downloaded 16, added 0
2025-07-28T20:46:22.105Z  ../..                                    | Progress: resolved 1528, reused 0, downloaded 56, added 44
2025-07-28T20:46:23.105Z  ../..                                    | Progress: resolved 1528, reused 0, downloaded 129, added 123
2025-07-28T20:46:24.105Z  ../..                                    | Progress: resolved 1528, reused 0, downloaded 233, added 230
2025-07-28T20:46:25.107Z  ../..                                    | Progress: resolved 1528, reused 0, downloaded 281, added 265
2025-07-28T20:46:26.109Z  ../..                                    | Progress: resolved 1528, reused 0, downloaded 350, added 342
2025-07-28T20:46:27.110Z  ../..                                    | Progress: resolved 1528, reused 0, downloaded 385, added 376
2025-07-28T20:46:28.126Z  ../..                                    | Progress: resolved 1528, reused 0, downloaded 478, added 472
2025-07-28T20:46:29.128Z  ../..                                    | Progress: resolved 1528, reused 0, downloaded 491, added 483
2025-07-28T20:46:30.278Z  ../..                                    | Progress: resolved 1528, reused 0, downloaded 492, added 483
2025-07-28T20:46:31.280Z  ../..                                    | Progress: resolved 1528, reused 0, downloaded 505, added 494
2025-07-28T20:46:32.280Z  ../..                                    | Progress: resolved 1528, reused 0, downloaded 506, added 494
2025-07-28T20:46:33.281Z  ../..                                    | Progress: resolved 1528, reused 0, downloaded 507, added 494
2025-07-28T20:46:34.282Z  ../..                                    | Progress: resolved 1528, reused 0, downloaded 522, added 510
2025-07-28T20:46:35.283Z  ../..                                    | Progress: resolved 1528, reused 0, downloaded 612, added 604
2025-07-28T20:46:36.285Z  ../..                                    | Progress: resolved 1528, reused 0, downloaded 775, added 770
2025-07-28T20:46:37.293Z  ../..                                    | Progress: resolved 1528, reused 0, downloaded 873, added 872
2025-07-28T20:46:38.294Z  ../..                                    | Progress: resolved 1528, reused 0, downloaded 958, added 954
2025-07-28T20:46:39.295Z  ../..                                    | Progress: resolved 1528, reused 0, downloaded 1085, added 1087
2025-07-28T20:46:40.295Z  ../..                                    | Progress: resolved 1528, reused 0, downloaded 1167, added 1166
2025-07-28T20:46:41.295Z  ../..                                    | Progress: resolved 1528, reused 0, downloaded 1222, added 1224
2025-07-28T20:46:42.295Z  ../..                                    | Progress: resolved 1528, reused 0, downloaded 1258, added 1255
2025-07-28T20:46:43.297Z  ../..                                    | Progress: resolved 1528, reused 0, downloaded 1274, added 1270
2025-07-28T20:46:44.298Z  ../..                                    | Progress: resolved 1528, reused 0, downloaded 1329, added 1332
2025-07-28T20:46:45.300Z  ../..                                    | Progress: resolved 1528, reused 0, downloaded 1406, added 1404
2025-07-28T20:46:46.301Z  ../..                                    | Progress: resolved 1528, reused 0, downloaded 1426, added 1425
2025-07-28T20:46:47.303Z  ../..                                    | Progress: resolved 1528, reused 0, downloaded 1497, added 1493
2025-07-28T20:46:48.305Z  ../..                                    | Progress: resolved 1528, reused 0, downloaded 1514, added 1526
2025-07-28T20:46:48.318Z  ../..                                    | Progress: resolved 1528, reused 0, downloaded 1514, added 1528, done
2025-07-28T20:46:49.041Z  .../node_modules/core-js-pure postinstall$ node -e "try{require('./postinstall')}catch(e){}"
2025-07-28T20:46:49.089Z  .../node_modules/core-js-pure postinstall: Done
2025-07-28T20:46:49.491Z  .../node_modules/@swc/core postinstall$ node postinstall.js
2025-07-28T20:46:49.504Z  .../node_modules/@tailwindcss/oxide postinstall$ node ./scripts/install.js
2025-07-28T20:46:49.518Z  .../esbuild@0.25.8/node_modules/esbuild postinstall$ node install.js
2025-07-28T20:46:49.538Z  .../node_modules/@sentry/cli postinstall$ node ./scripts/install.js
2025-07-28T20:46:49.538Z  .../node_modules/unrs-resolver postinstall$ napi-postinstall unrs-resolver 1.11.1 check
2025-07-28T20:46:49.836Z  .../node_modules/@swc/core postinstall: Done
2025-07-28T20:46:49.904Z  .../esbuild@0.25.8/node_modules/esbuild postinstall: Done
2025-07-28T20:46:49.965Z  .../node_modules/@tailwindcss/oxide postinstall: Done
2025-07-28T20:46:49.973Z  .../node_modules/unrs-resolver postinstall: Done
2025-07-28T20:46:49.998Z  .../node_modules/@sentry/cli postinstall: Done
2025-07-28T20:46:50.008Z  .../sharp@0.34.3/node_modules/sharp install$ node install/check.js
2025-07-28T20:46:50.358Z  .../sharp@0.34.3/node_modules/sharp install: Done
2025-07-28T20:46:50.634Z  
2025-07-28T20:46:50.635Z  dependencies:
2025-07-28T20:46:50.636Z  + @radix-ui/react-tooltip 1.2.7
2025-07-28T20:46:50.636Z  + @sentry/nextjs 9.40.0
2025-07-28T20:46:50.637Z  + @voai/config 0.0.1 <- ../../packages/config
2025-07-28T20:46:50.637Z  + @voai/shared 0.1.0 <- ../../packages/shared
2025-07-28T20:46:50.638Z  + @voai/ui 0.0.1 <- ../../packages/ui
2025-07-28T20:46:50.638Z  + class-variance-authority 0.7.1
2025-07-28T20:46:50.638Z  + clsx 2.1.1
2025-07-28T20:46:50.639Z  + framer-motion 12.23.6
2025-07-28T20:46:50.639Z  + lucide-react 0.511.0
2025-07-28T20:46:50.639Z  + next 15.3.3
2025-07-28T20:46:50.639Z  + next-themes 0.4.6
2025-07-28T20:46:50.639Z  + react 18.3.1
2025-07-28T20:46:50.640Z  + react-dom 18.3.1
2025-07-28T20:46:50.640Z  + sonner 2.0.6
2025-07-28T20:46:50.640Z  + tailwind-merge 3.3.1
2025-07-28T20:46:50.640Z  + zod 3.25.76
2025-07-28T20:46:50.640Z  
2025-07-28T20:46:50.641Z  devDependencies:
2025-07-28T20:46:50.641Z  + @playwright/test 1.54.1
2025-07-28T20:46:50.641Z  + @tailwindcss/aspect-ratio 0.4.2
2025-07-28T20:46:50.641Z  + @tailwindcss/forms 0.5.10
2025-07-28T20:46:50.641Z  + @tailwindcss/postcss 4.1.11
2025-07-28T20:46:50.642Z  + @tailwindcss/typography 0.5.16
2025-07-28T20:46:50.642Z  + @testing-library/jest-dom 6.6.3
2025-07-28T20:46:50.642Z  + @testing-library/react 16.3.0
2025-07-28T20:46:50.642Z  + @testing-library/user-event 14.6.1
2025-07-28T20:46:50.642Z  + @types/jest 29.5.14
2025-07-28T20:46:50.643Z  + @types/node 20.19.9
2025-07-28T20:46:50.643Z  + @types/react 18.3.23
2025-07-28T20:46:50.643Z  + @types/react-dom 18.3.7
2025-07-28T20:46:50.643Z  + @typescript-eslint/eslint-plugin 8.38.0
2025-07-28T20:46:50.643Z  + @typescript-eslint/parser 8.38.0
2025-07-28T20:46:50.644Z  + autoprefixer 10.4.21
2025-07-28T20:46:50.644Z  + eslint 9.31.0
2025-07-28T20:46:50.644Z  + eslint-config-next 15.4.3
2025-07-28T20:46:50.644Z  + eslint-config-prettier 10.1.8
2025-07-28T20:46:50.650Z  + eslint-plugin-prettier 5.5.3
2025-07-28T20:46:50.650Z  + jest 29.7.0
2025-07-28T20:46:50.651Z  + jest-environment-jsdom 30.0.5
2025-07-28T20:46:50.651Z  + postcss 8.5.6
2025-07-28T20:46:50.651Z  + prettier 3.6.2
2025-07-28T20:46:50.651Z  + tailwindcss 3.4.17
2025-07-28T20:46:50.652Z  + typescript 5.8.3
2025-07-28T20:46:50.652Z  
2025-07-28T20:46:50.671Z  ../.. prepare$ husky
2025-07-28T20:46:50.736Z  ../.. prepare: .git can't be found
2025-07-28T20:46:50.737Z  ../.. prepare: Done
2025-07-28T20:46:50.770Z  Done in 31.7s
2025-07-28T20:46:50.817Z  Detected Next.js version: 15.3.3
2025-07-28T20:46:50.817Z  Running "pnpm turbo run build --filter=@voai/frontend"
2025-07-28T20:46:51.313Z  
2025-07-28T20:46:51.313Z  Attention:
2025-07-28T20:46:51.313Z  Turborepo now collects completely anonymous telemetry regarding usage.
2025-07-28T20:46:51.313Z  This information is used to shape the Turborepo roadmap and prioritize features.
2025-07-28T20:46:51.313Z  You can learn more, including how to opt-out if you'd not like to participate in this anonymous program, by visiting the following URL:
2025-07-28T20:46:51.313Z  https://turborepo.com/docs/telemetry
2025-07-28T20:46:51.313Z  
2025-07-28T20:46:51.385Z  • Packages in scope: @voai/frontend
2025-07-28T20:46:51.385Z  • Running build in 1 packages
2025-07-28T20:46:51.385Z  • Remote caching enabled
2025-07-28T20:46:51.585Z  @voai/config:build: cache bypass, force executing 5affb4e4346bd20e
2025-07-28T20:46:52.003Z  @voai/config:build: 
2025-07-28T20:46:52.004Z  @voai/config:build: > @voai/config@0.0.1 build /vercel/path0/packages/config
2025-07-28T20:46:52.004Z  @voai/config:build: > node build-tokens.js
2025-07-28T20:46:52.004Z  @voai/config:build: 
2025-07-28T20:46:52.159Z  @voai/config:build: 
2025-07-28T20:46:52.159Z  @voai/config:build: css
2025-07-28T20:46:52.167Z  @voai/config:build: ✔︎ dist/css/variables.css
2025-07-28T20:46:52.167Z  @voai/config:build: 
2025-07-28T20:46:52.167Z  @voai/config:build: js
2025-07-28T20:46:52.171Z  @voai/config:build: ✔︎ dist/js/tokens.js
2025-07-28T20:46:52.171Z  @voai/config:build: 
2025-07-28T20:46:52.171Z  @voai/config:build: typescript
2025-07-28T20:46:52.173Z  @voai/config:build: ✔︎ dist/ts/tokens.d.ts
2025-07-28T20:46:52.173Z  @voai/config:build: ✨ Design tokens built successfully!
2025-07-28T20:46:52.201Z  @voai/frontend:build: cache bypass, force executing aedec1d8d4fb3c5f
2025-07-28T20:46:52.615Z  @voai/frontend:build: 
2025-07-28T20:46:52.616Z  @voai/frontend:build: > @voai/frontend@0.1.0 build /vercel/path0/apps/frontend
2025-07-28T20:46:52.616Z  @voai/frontend:build: > next build
2025-07-28T20:46:52.616Z  @voai/frontend:build: 
2025-07-28T20:46:53.626Z  @voai/frontend:build: Attention: Next.js now collects completely anonymous telemetry regarding usage.
2025-07-28T20:46:53.627Z  @voai/frontend:build: This information is used to shape Next.js' roadmap and prioritize features.
2025-07-28T20:46:53.627Z  @voai/frontend:build: You can learn more, including how to opt-out if you'd not like to participate in this anonymous program, by visiting the following URL:
2025-07-28T20:46:53.627Z  @voai/frontend:build: https://nextjs.org/telemetry
2025-07-28T20:46:53.627Z  @voai/frontend:build: 
2025-07-28T20:46:53.730Z  @voai/frontend:build:    ▲ Next.js 15.3.3
2025-07-28T20:46:53.731Z  @voai/frontend:build:    - Experiments (use with caution):
2025-07-28T20:46:53.731Z  @voai/frontend:build:      · clientTraceMetadata
2025-07-28T20:46:53.731Z  @voai/frontend:build: 
2025-07-28T20:46:53.759Z  @voai/frontend:build:    Creating an optimized production build ...
2025-07-28T20:46:54.104Z  @voai/frontend:build: [@sentry/nextjs] It appears you've configured a `sentry.server.config.ts` file. Please ensure to put this file's content into the `register()` function of a Next.js instrumentation file instead. To ensure correct functionality of the SDK, `Sentry.init` must be called inside of an instrumentation file. Learn more about setting up an instrumentation file in Next.js: https://nextjs.org/docs/app/building-your-application/optimizing/instrumentation. You can safely delete the `sentry.server.config.ts` file afterward.
2025-07-28T20:46:54.106Z  @voai/frontend:build: [@sentry/nextjs] Could not find a Next.js instrumentation file. This indicates an incomplete configuration of the Sentry SDK. An instrumentation file is required for the Sentry SDK to be initialized on the server: https://docs.sentry.io/platforms/javascript/guides/nextjs/manual-setup/#create-initialization-config-files (you can suppress this warning by setting SENTRY_SUPPRESS_INSTRUMENTATION_FILE_WARNING=1 as environment variable)
2025-07-28T20:46:54.108Z  @voai/frontend:build: warn  - It seems like you don't have a global error handler set up. It is recommended that you add a global-error.js file with Sentry instrumentation so that React rendering errors are reported to Sentry. Read more: https://docs.sentry.io/platforms/javascript/guides/nextjs/manual-setup/#react-render-errors-in-app-router (you can suppress this warning by setting SENTRY_SUPPRESS_GLOBAL_ERROR_HANDLER_FILE_WARNING=1 as environment variable)
2025-07-28T20:46:54.277Z  @voai/frontend:build: [@sentry/nextjs] It appears you've configured a `sentry.edge.config.ts` file. Please ensure to put this file's content into the `register()` function of a Next.js instrumentation file instead. To ensure correct functionality of the SDK, `Sentry.init` must be called inside of an instrumentation file. Learn more about setting up an instrumentation file in Next.js: https://nextjs.org/docs/app/building-your-application/optimizing/instrumentation. You can safely delete the `sentry.edge.config.ts` file afterward.
2025-07-28T20:46:54.279Z  @voai/frontend:build: [@sentry/nextjs] DEPRECATION WARNING: It is recommended renaming your `sentry.client.config.ts` file, or moving its content to `instrumentation-client.ts`. When using Turbopack `sentry.client.config.ts` will no longer work. Read more about the `instrumentation-client.ts` file: https://nextjs.org/docs/app/api-reference/file-conventions/instrumentation-client
2025-07-28T20:47:20.185Z  @voai/frontend:build: <w> [webpack.cache.PackFileCacheStrategy] Serializing big strings (154kiB) impacts deserialization performance (consider using Buffer instead and decode when needed)
2025-07-28T20:47:20.226Z  @voai/frontend:build: <w> [webpack.cache.PackFileCacheStrategy] Serializing big strings (139kiB) impacts deserialization performance (consider using Buffer instead and decode when needed)
2025-07-28T20:47:20.241Z  @voai/frontend:build: <w> [webpack.cache.PackFileCacheStrategy] Serializing big strings (138kiB) impacts deserialization performance (consider using Buffer instead and decode when needed)
2025-07-28T20:47:21.820Z  @voai/frontend:build: [Error: Cannot apply unknown utility class `bg-background`. Are you using CSS modules or similar and missing `@reference`? https://tailwindcss.com/docs/functions-and-directives#reference-directive]
2025-07-28T20:47:33.446Z  @voai/frontend:build:  ✓ Compiled successfully in 39.0s
2025-07-28T20:47:33.454Z  @voai/frontend:build:    Skipping linting
2025-07-28T20:47:33.454Z  @voai/frontend:build:    Checking validity of types ...
2025-07-28T20:47:44.388Z  @voai/frontend:build:    Collecting page data ...
2025-07-28T20:47:47.967Z  @voai/frontend:build:    Generating static pages (0/28) ...
2025-07-28T20:47:49.312Z  @voai/frontend:build:    Generating static pages (7/28) 
2025-07-28T20:47:49.520Z  @voai/frontend:build:    Generating static pages (14/28) 
2025-07-28T20:47:50.145Z  @voai/frontend:build:    Generating static pages (21/28) 
2025-07-28T20:47:50.146Z  @voai/frontend:build:  ✓ Generating static pages (28/28)
2025-07-28T20:47:50.567Z  @voai/frontend:build:    Finalizing page optimization ...
2025-07-28T20:47:50.570Z  @voai/frontend:build:    Collecting build traces ...
2025-07-28T20:48:04.092Z  @voai/frontend:build: 
2025-07-28T20:48:04.104Z  @voai/frontend:build: Route (app)                                 Size  First Load JS
2025-07-28T20:48:04.105Z  @voai/frontend:build: ┌ ○ /                                      470 B         280 kB
2025-07-28T20:48:04.105Z  @voai/frontend:build: ├ ○ /_not-found                            340 B         242 kB
2025-07-28T20:48:04.105Z  @voai/frontend:build: ├ ○ /about                               4.91 kB         285 kB
2025-07-28T20:48:04.105Z  @voai/frontend:build: ├ ƒ /api/upload                            340 B         242 kB
2025-07-28T20:48:04.105Z  @voai/frontend:build: ├ ƒ /api/user/delete                       339 B         242 kB
2025-07-28T20:48:04.106Z  @voai/frontend:build: ├ ƒ /api/user/export                       340 B         242 kB
2025-07-28T20:48:04.106Z  @voai/frontend:build: ├ ○ /auth/auth-code-error                3.53 kB         255 kB
2025-07-28T20:48:04.106Z  @voai/frontend:build: ├ ƒ /auth/callback                         338 B         242 kB
2025-07-28T20:48:04.106Z  @voai/frontend:build: ├ ○ /auth/login                          3.37 kB         308 kB
2025-07-28T20:48:04.106Z  @voai/frontend:build: ├ ○ /careers                             5.73 kB         286 kB
2025-07-28T20:48:04.106Z  @voai/frontend:build: ├ ○ /contact                             4.88 kB         285 kB
2025-07-28T20:48:04.106Z  @voai/frontend:build: ├ ○ /dashboard                           1.92 kB         294 kB
2025-07-28T20:48:04.106Z  @voai/frontend:build: ├ ○ /faq                                 5.23 kB         285 kB
2025-07-28T20:48:04.106Z  @voai/frontend:build: ├ ○ /features                            5.02 kB         285 kB
2025-07-28T20:48:04.106Z  @voai/frontend:build: ├ ƒ /home                                  340 B         242 kB
2025-07-28T20:48:04.106Z  @voai/frontend:build: ├ ○ /how-it-works                        4.83 kB         285 kB
2025-07-28T20:48:04.107Z  @voai/frontend:build: ├ ○ /impressum                             340 B         242 kB
2025-07-28T20:48:04.107Z  @voai/frontend:build: ├ ○ /login                               2.47 kB         292 kB
2025-07-28T20:48:04.107Z  @voai/frontend:build: ├ ○ /pricing                             4.84 kB         285 kB
2025-07-28T20:48:04.107Z  @voai/frontend:build: ├ ○ /privacy                               339 B         242 kB
2025-07-28T20:48:04.107Z  @voai/frontend:build: ├ ƒ /settings                            1.22 kB         243 kB
2025-07-28T20:48:04.107Z  @voai/frontend:build: ├ ○ /signup                              2.26 kB         336 kB
2025-07-28T20:48:04.107Z  @voai/frontend:build: ├ ○ /status                              3.32 kB         285 kB
2025-07-28T20:48:04.107Z  @voai/frontend:build: ├ ○ /terms                               5.17 kB         285 kB
2025-07-28T20:48:04.107Z  @voai/frontend:build: └ ○ /upload                               134 kB         432 kB
2025-07-28T20:48:04.107Z  @voai/frontend:build: + First Load JS shared by all             242 kB
2025-07-28T20:48:04.107Z  @voai/frontend:build:   ├ chunks/1192-6e487cbca9b4fcd0.js       148 kB
2025-07-28T20:48:04.107Z  @voai/frontend:build:   ├ chunks/6815768f-3f74bc4d81bd68d9.js  53.4 kB
2025-07-28T20:48:04.107Z  @voai/frontend:build:   ├ chunks/c6553b06-3b137661f178a155.js  37.6 kB
2025-07-28T20:48:04.107Z  @voai/frontend:build:   └ other shared chunks (total)          2.69 kB
2025-07-28T20:48:04.108Z  @voai/frontend:build: 
2025-07-28T20:48:04.108Z  @voai/frontend:build: 
2025-07-28T20:48:04.108Z  @voai/frontend:build: ƒ Middleware                             73.1 kB
2025-07-28T20:48:04.108Z  @voai/frontend:build: 
2025-07-28T20:48:04.108Z  @voai/frontend:build: ○  (Static)   prerendered as static content
2025-07-28T20:48:04.108Z  @voai/frontend:build: ƒ  (Dynamic)  server-rendered on demand
2025-07-28T20:48:04.108Z  @voai/frontend:build: 
2025-07-28T20:48:04.173Z  
2025-07-28T20:48:04.173Z   WARNING  finished with warnings
2025-07-28T20:48:04.175Z  
2025-07-28T20:48:04.175Z  Warning - the following environment variables are set on your Vercel project, but missing from "turbo.json". These variables WILL NOT be available to your application and may cause your build to fail. Learn more at https://turborepo.com/docs/crafting-your-repository/using-environment-variables#platform-environment-variables
2025-07-28T20:48:04.175Z  
2025-07-28T20:48:04.175Z  [warn] @voai/config#build
2025-07-28T20:48:04.176Z  [warn]   - SUPABASE_JWT_SECRET 
2025-07-28T20:48:04.176Z  [warn] @voai/frontend#build
2025-07-28T20:48:04.176Z  [warn]   - SUPABASE_JWT_SECRET 
2025-07-28T20:48:04.179Z  
2025-07-28T20:48:04.179Z    Tasks:    2 successful, 2 total
2025-07-28T20:48:04.179Z   Cached:    0 cached, 2 total
2025-07-28T20:48:04.181Z     Time:    1m12.855s 
2025-07-28T20:48:04.181Z  Summary:    /vercel/path0/.turbo/runs/30WFzW9I4wuxjVNeqKsdAFddgZL.json
2025-07-28T20:48:04.182Z  
2025-07-28T20:48:04.670Z  Error: The file "/vercel/path0/apps/frontend/apps/frontend/.next/routes-manifest.json" couldn't be found. This is often caused by a misconfiguration in your project.
2025-07-28T20:48:04.671Z  Learn More: https://err.sh/vercel/vercel/now-next-routes-manifest
2025-07-28T20:48:05.145Z  
2025-07-28T20:48:07.674Z  Exiting build container
Error: The file "/vercel/path0/apps/frontend/apps/frontend/.next/routes-manifest.json" couldn't be found. This is often caused by a misconfiguration in your project.
